<?xml version="1.0" encoding="UTF-8"?>
<!-- Generated by org.testng.reporters.JUnitXMLReporter -->
<testsuite ignored="0" hostname="BLACKPANTHER" failures="3" tests="13" name="Test" time="17.237" errors="0" timestamp="09 Apr 2025 10:01:11 GMT">
  <testcase classname="TestComponents.BaseTest" name="@BeforeClass Launch_website" time="0.043">
    <failure type="org.openqa.selenium.SessionNotCreatedException" message="Could not start a new session. Possible causes are invalid address of the remote server or browser start-up failure. 
Host info: host: &amp;apos;BLACKPANTHER&amp;apos;, ip: &amp;apos;192.168.0.102&amp;apos;
Build info: version: &amp;apos;4.26.0&amp;apos;, revision: &amp;apos;8ccf0219d7&amp;apos;
System info: os.name: &amp;apos;Windows 10&amp;apos;, os.arch: &amp;apos;amd64&amp;apos;, os.version: &amp;apos;10.0&amp;apos;, java.version: &amp;apos;21.0.4&amp;apos;
Driver info: org.openqa.selenium.chrome.ChromeDriver
Command: [null, newSession {capabilities=[Capabilities {browserName: chrome, goog:chromeOptions: {args: [], extensions: []}}]}]">
      <![CDATA[org.openqa.selenium.SessionNotCreatedException: Could not start a new session. Possible causes are invalid address of the remote server or browser start-up failure. 
Host info: host: 'BLACKPANTHER', ip: '192.168.0.102'
Build info: version: '4.26.0', revision: '8ccf0219d7'
System info: os.name: 'Windows 10', os.arch: 'amd64', os.version: '10.0', java.version: '21.0.4'
Driver info: org.openqa.selenium.chrome.ChromeDriver
Command: [null, newSession {capabilities=[Capabilities {browserName: chrome, goog:chromeOptions: {args: [], extensions: []}}]}]
at org.openqa.selenium.remote.RemoteWebDriver.execute(RemoteWebDriver.java:563)
at org.openqa.selenium.remote.RemoteWebDriver.startSession(RemoteWebDriver.java:245)
at org.openqa.selenium.remote.RemoteWebDriver.<init>(RemoteWebDriver.java:174)
at org.openqa.selenium.chromium.ChromiumDriver.<init>(ChromiumDriver.java:114)
at org.openqa.selenium.chrome.ChromeDriver.<init>(ChromeDriver.java:88)
at org.openqa.selenium.chrome.ChromeDriver.<init>(ChromeDriver.java:83)
at org.openqa.selenium.chrome.ChromeDriver.<init>(ChromeDriver.java:51)
at TestComponents.BaseTest.Browser_setup(BaseTest.java:34)
at TestComponents.BaseTest.Launch_website(BaseTest.java:43)
at java.base/java.util.concurrent.ThreadPoolExecutor.runWorker(ThreadPoolExecutor.java:1144)
at java.base/java.util.concurrent.ThreadPoolExecutor$Worker.run(ThreadPoolExecutor.java:642)
at java.base/java.lang.Thread.run(Thread.java:1583)
Caused by: java.io.UncheckedIOException: java.io.IOException: Cannot run program "C:\Users\VIDYANANTH M K\Documents\chromedriver-win64": CreateProcess error=5, Access is denied
at org.openqa.selenium.os.ExternalProcess$Builder.start(ExternalProcess.java:194)
at org.openqa.selenium.remote.service.DriverService.start(DriverService.java:207)
at org.openqa.selenium.remote.service.DriverCommandExecutor.execute(DriverCommandExecutor.java:117)
at org.openqa.selenium.remote.RemoteWebDriver.execute(RemoteWebDriver.java:545)
... 20 more
Caused by: java.io.IOException: Cannot run program "C:\Users\VIDYANANTH M K\Documents\chromedriver-win64": CreateProcess error=5, Access is denied
at java.base/java.lang.ProcessBuilder.start(ProcessBuilder.java:1170)
at java.base/java.lang.ProcessBuilder.start(ProcessBuilder.java:1089)
at org.openqa.selenium.os.ExternalProcess$Builder.start(ExternalProcess.java:192)
... 23 more
Caused by: java.io.IOException: CreateProcess error=5, Access is denied
at java.base/java.lang.ProcessImpl.create(Native Method)
at java.base/java.lang.ProcessImpl.<init>(ProcessImpl.java:500)
at java.base/java.lang.ProcessImpl.start(ProcessImpl.java:159)
at java.base/java.lang.ProcessBuilder.start(ProcessBuilder.java:1126)
... 25 more
... Removed 9 stack frames]]>
    </failure>
  </testcase> <!-- @BeforeClass Launch_website -->
  <testcase classname="TestComponents.BaseTest" name="@AfterClass quit_browser" time="0.0">
    <skipped/>
  </testcase> <!-- @AfterClass quit_browser -->
  <testcase classname="TestComponents.BaseTest" name="@BeforeClass Launch_website" time="0.014">
    <failure type="org.openqa.selenium.SessionNotCreatedException" message="Could not start a new session. Possible causes are invalid address of the remote server or browser start-up failure. 
Host info: host: &amp;apos;BLACKPANTHER&amp;apos;, ip: &amp;apos;192.168.0.102&amp;apos;
Build info: version: &amp;apos;4.26.0&amp;apos;, revision: &amp;apos;8ccf0219d7&amp;apos;
System info: os.name: &amp;apos;Windows 10&amp;apos;, os.arch: &amp;apos;amd64&amp;apos;, os.version: &amp;apos;10.0&amp;apos;, java.version: &amp;apos;21.0.4&amp;apos;
Driver info: org.openqa.selenium.chrome.ChromeDriver
Command: [null, newSession {capabilities=[Capabilities {browserName: chrome, goog:chromeOptions: {args: [], extensions: []}}]}]">
      <![CDATA[org.openqa.selenium.SessionNotCreatedException: Could not start a new session. Possible causes are invalid address of the remote server or browser start-up failure. 
Host info: host: 'BLACKPANTHER', ip: '192.168.0.102'
Build info: version: '4.26.0', revision: '8ccf0219d7'
System info: os.name: 'Windows 10', os.arch: 'amd64', os.version: '10.0', java.version: '21.0.4'
Driver info: org.openqa.selenium.chrome.ChromeDriver
Command: [null, newSession {capabilities=[Capabilities {browserName: chrome, goog:chromeOptions: {args: [], extensions: []}}]}]
at org.openqa.selenium.remote.RemoteWebDriver.execute(RemoteWebDriver.java:563)
at org.openqa.selenium.remote.RemoteWebDriver.startSession(RemoteWebDriver.java:245)
at org.openqa.selenium.remote.RemoteWebDriver.<init>(RemoteWebDriver.java:174)
at org.openqa.selenium.chromium.ChromiumDriver.<init>(ChromiumDriver.java:114)
at org.openqa.selenium.chrome.ChromeDriver.<init>(ChromeDriver.java:88)
at org.openqa.selenium.chrome.ChromeDriver.<init>(ChromeDriver.java:83)
at org.openqa.selenium.chrome.ChromeDriver.<init>(ChromeDriver.java:51)
at TestComponents.BaseTest.Browser_setup(BaseTest.java:34)
at TestComponents.BaseTest.Launch_website(BaseTest.java:43)
at java.base/java.util.concurrent.ThreadPoolExecutor.runWorker(ThreadPoolExecutor.java:1144)
at java.base/java.util.concurrent.ThreadPoolExecutor$Worker.run(ThreadPoolExecutor.java:642)
at java.base/java.lang.Thread.run(Thread.java:1583)
Caused by: java.io.UncheckedIOException: java.io.IOException: Cannot run program "C:\Users\VIDYANANTH M K\Documents\chromedriver-win64": CreateProcess error=5, Access is denied
at org.openqa.selenium.os.ExternalProcess$Builder.start(ExternalProcess.java:194)
at org.openqa.selenium.remote.service.DriverService.start(DriverService.java:207)
at org.openqa.selenium.remote.service.DriverCommandExecutor.execute(DriverCommandExecutor.java:117)
at org.openqa.selenium.remote.RemoteWebDriver.execute(RemoteWebDriver.java:545)
... 20 more
Caused by: java.io.IOException: Cannot run program "C:\Users\VIDYANANTH M K\Documents\chromedriver-win64": CreateProcess error=5, Access is denied
at java.base/java.lang.ProcessBuilder.start(ProcessBuilder.java:1170)
at java.base/java.lang.ProcessBuilder.start(ProcessBuilder.java:1089)
at org.openqa.selenium.os.ExternalProcess$Builder.start(ExternalProcess.java:192)
... 23 more
Caused by: java.io.IOException: CreateProcess error=5, Access is denied
at java.base/java.lang.ProcessImpl.create(Native Method)
at java.base/java.lang.ProcessImpl.<init>(ProcessImpl.java:500)
at java.base/java.lang.ProcessImpl.start(ProcessImpl.java:159)
at java.base/java.lang.ProcessBuilder.start(ProcessBuilder.java:1126)
... 25 more
... Removed 9 stack frames]]>
    </failure>
  </testcase> <!-- @BeforeClass Launch_website -->
  <testcase classname="TestComponents.BaseTest" name="@AfterClass quit_browser" time="0.0">
    <skipped/>
  </testcase> <!-- @AfterClass quit_browser -->
  <testcase classname="Tests.ErrorValidation" name="validate_country_name" time="1.811">
    <skipped/>
  </testcase> <!-- validate_country_name -->
  <testcase classname="Tests.ErrorValidation" name="validate_country_name" time="1.226">
    <failure type="java.lang.AssertionError" message="expected [null] but found [Indian]">
      <![CDATA[java.lang.AssertionError: expected [null] but found [Indian]
at Tests.ErrorValidation.validate_country_name(ErrorValidation.java:22)
at java.base/java.util.concurrent.ThreadPoolExecutor.runWorker(ThreadPoolExecutor.java:1144)
at java.base/java.util.concurrent.ThreadPoolExecutor$Worker.run(ThreadPoolExecutor.java:642)
at java.base/java.lang.Thread.run(Thread.java:1583)
... Removed 14 stack frames]]>
    </failure>
  </testcase> <!-- validate_country_name -->
  <testcase classname="Tests.ErrorValidation" name="validate_country_name" time="1.268">
    <failure type="java.lang.AssertionError" message="expected [null] but found [USA]">
      <![CDATA[java.lang.AssertionError: expected [null] but found [USA]
at Tests.ErrorValidation.validate_country_name(ErrorValidation.java:22)
at java.base/java.util.concurrent.ThreadPoolExecutor.runWorker(ThreadPoolExecutor.java:1144)
at java.base/java.util.concurrent.ThreadPoolExecutor$Worker.run(ThreadPoolExecutor.java:642)
at java.base/java.lang.Thread.run(Thread.java:1583)
... Removed 14 stack frames]]>
    </failure>
  </testcase> <!-- validate_country_name -->
  <testcase classname="Tests.ErrorValidation" name="validate_country_name" time="1.249">
    <failure type="java.lang.AssertionError" message="expected [null] but found [USA]">
      <![CDATA[java.lang.AssertionError: expected [null] but found [USA]
at Tests.ErrorValidation.validate_country_name(ErrorValidation.java:22)
at java.base/java.util.concurrent.ThreadPoolExecutor.runWorker(ThreadPoolExecutor.java:1144)
at java.base/java.util.concurrent.ThreadPoolExecutor$Worker.run(ThreadPoolExecutor.java:642)
at java.base/java.lang.Thread.run(Thread.java:1583)
... Removed 14 stack frames]]>
    </failure>
  </testcase> <!-- validate_country_name -->
  <testcase classname="Tests.DataValidation" name="validate_country_name" time="0.0">
    <skipped/>
  </testcase> <!-- validate_country_name -->
  <testcase classname="Tests.DataValidation" name="validate_country_name" time="0.0">
    <skipped/>
  </testcase> <!-- validate_country_name -->
  <testcase classname="Tests.DataValidation" name="validate_country_name" time="0.0">
    <skipped/>
  </testcase> <!-- validate_country_name -->
  <testcase classname="Tests.DataValidation" name="add_entries" time="0.0">
    <skipped/>
  </testcase> <!-- add_entries -->
  <testcase classname="Tests.DataValidation" name="add_entries" time="0.0">
    <skipped/>
  </testcase> <!-- add_entries -->
  <testcase classname="Tests.DataValidation" name="add_entries" time="0.0">
    <skipped/>
  </testcase> <!-- add_entries -->
  <testcase classname="Tests.Regression" name="validate_date" time="0.0">
    <skipped/>
  </testcase> <!-- validate_date -->
  <testcase classname="Tests.Regression" name="alert_handling" time="0.0">
    <skipped/>
  </testcase> <!-- alert_handling -->
  <testcase classname="Tests.Regression" name="switch_window" time="0.0">
    <skipped/>
  </testcase> <!-- switch_window -->
</testsuite> <!-- Test -->
